e:\рабочий стол\github\cyberbiology3\build\cyberbiology.dir\debug\vc143.pdb
e:\рабочий стол\github\cyberbiology3\build\cyberbiology.dir\debug\object.obj
e:\рабочий стол\github\cyberbiology3\build\cyberbiology.dir\debug\neuron.obj
e:\рабочий стол\github\cyberbiology3\build\cyberbiology.dir\debug\neuralnetrenderer.obj
e:\рабочий стол\github\cyberbiology3\build\cyberbiology.dir\debug\main.obj
e:\рабочий стол\github\cyberbiology3\build\cyberbiology.dir\debug\field.obj
e:\рабочий стол\github\cyberbiology3\build\cyberbiology.dir\debug\botneuralnet.obj
e:\рабочий стол\github\cyberbiology3\build\cyberbiology.dir\debug\bot.obj
e:\рабочий стол\github\cyberbiology3\build\cyberbiology.dir\debug\gui.obj
e:\рабочий стол\github\cyberbiology3\build\cyberbiology.dir\debug\sdl.obj
e:\рабочий стол\github\cyberbiology3\build\cyberbiology.dir\debug\implot_items.obj
e:\рабочий стол\github\cyberbiology3\build\cyberbiology.dir\debug\implot_demo.obj
e:\рабочий стол\github\cyberbiology3\build\cyberbiology.dir\debug\implot.obj
e:\рабочий стол\github\cyberbiology3\build\cyberbiology.dir\debug\imgui_impl_sdlrenderer.obj
e:\рабочий стол\github\cyberbiology3\build\cyberbiology.dir\debug\imgui_impl_sdl.obj
e:\рабочий стол\github\cyberbiology3\build\cyberbiology.dir\debug\imgui_impl_opengl3.obj
e:\рабочий стол\github\cyberbiology3\build\cyberbiology.dir\debug\imgui_widgets.obj
e:\рабочий стол\github\cyberbiology3\build\cyberbiology.dir\debug\imgui_tables.obj
e:\рабочий стол\github\cyberbiology3\build\cyberbiology.dir\debug\imgui_draw.obj
e:\рабочий стол\github\cyberbiology3\build\cyberbiology.dir\debug\imgui_demo.obj
e:\рабочий стол\github\cyberbiology3\build\cyberbiology.dir\debug\imgui.obj
e:\рабочий стол\github\cyberbiology3\build\cyberbiology.dir\debug\objectsaver.obj
e:\рабочий стол\github\cyberbiology3\build\cyberbiology.dir\debug\mytypes.obj
e:\рабочий стол\github\cyberbiology3\build\cyberbiology.dir\debug\apple.obj
e:\рабочий стол\github\cyberbiology3\build\cyberbiology.dir\debug\rock.obj
e:\рабочий стол\github\cyberbiology3\build\cyberbiology.dir\debug\organics.obj
c:\desktopgithub\cyberbiology3\build\cyberbiology.dir\debug\vc143.pdb
c:\desktopgithub\cyberbiology3\build\cyberbiology.dir\debug\object.obj
c:\desktopgithub\cyberbiology3\build\cyberbiology.dir\debug\neuron.obj
c:\desktopgithub\cyberbiology3\build\cyberbiology.dir\debug\neuralnetrenderer.obj
c:\desktopgithub\cyberbiology3\build\cyberbiology.dir\debug\main.obj
c:\desktopgithub\cyberbiology3\build\cyberbiology.dir\debug\field.obj
c:\desktopgithub\cyberbiology3\build\cyberbiology.dir\debug\botneuralnet.obj
c:\desktopgithub\cyberbiology3\build\cyberbiology.dir\debug\bot.obj
c:\desktopgithub\cyberbiology3\build\cyberbiology.dir\debug\gui.obj
c:\desktopgithub\cyberbiology3\build\cyberbiology.dir\debug\sdl.obj
c:\desktopgithub\cyberbiology3\build\cyberbiology.dir\debug\implot_items.obj
c:\desktopgithub\cyberbiology3\build\cyberbiology.dir\debug\implot_demo.obj
c:\desktopgithub\cyberbiology3\build\cyberbiology.dir\debug\implot.obj
c:\desktopgithub\cyberbiology3\build\cyberbiology.dir\debug\imgui_impl_sdlrenderer.obj
c:\desktopgithub\cyberbiology3\build\cyberbiology.dir\debug\imgui_impl_sdl.obj
c:\desktopgithub\cyberbiology3\build\cyberbiology.dir\debug\imgui_impl_opengl3.obj
c:\desktopgithub\cyberbiology3\build\cyberbiology.dir\debug\imgui_widgets.obj
c:\desktopgithub\cyberbiology3\build\cyberbiology.dir\debug\imgui_tables.obj
c:\desktopgithub\cyberbiology3\build\cyberbiology.dir\debug\imgui_draw.obj
c:\desktopgithub\cyberbiology3\build\cyberbiology.dir\debug\imgui_demo.obj
c:\desktopgithub\cyberbiology3\build\cyberbiology.dir\debug\imgui.obj
c:\desktopgithub\cyberbiology3\build\cyberbiology.dir\debug\objectsaver.obj
c:\desktopgithub\cyberbiology3\build\cyberbiology.dir\debug\mytypes.obj
c:\desktopgithub\cyberbiology3\build\cyberbiology.dir\debug\apple.obj
c:\desktopgithub\cyberbiology3\build\cyberbiology.dir\debug\rock.obj
c:\desktopgithub\cyberbiology3\build\cyberbiology.dir\debug\organics.obj
e:\рабочий стол\github\cyberbiology3\build\cmakefiles\generate.stamp
e:\рабочий стол\github\cyberbiology3\bin\debug\cyberbiology.exe
e:\рабочий стол\github\cyberbiology3\build\cyberbiology.dir\debug\cyberbiology.ilk
e:\рабочий стол\github\cyberbiology3\bin\debug\cyberbiology.pdb
c:\desktopgithub\cyberbiology3\build\cyberbiology.dir\debug\cyberbiology.ilk
c:\desktopgithub\cyberbiology3\bin\debug\cyberbiology.exe
c:\desktopgithub\cyberbiology3\bin\debug\cyberbiology.pdb
e:\рабочий стол\github\cyberbiology3\build\cyberbiology.dir\debug\cyberbiology.tlog\cl.command.1.tlog
e:\рабочий стол\github\cyberbiology3\build\cyberbiology.dir\debug\cyberbiology.tlog\cl.read.1.tlog
e:\рабочий стол\github\cyberbiology3\build\cyberbiology.dir\debug\cyberbiology.tlog\cl.write.1.tlog
e:\рабочий стол\github\cyberbiology3\build\cyberbiology.dir\debug\cyberbiology.tlog\custombuild.command.1.tlog
e:\рабочий стол\github\cyberbiology3\build\cyberbiology.dir\debug\cyberbiology.tlog\custombuild.read.1.tlog
e:\рабочий стол\github\cyberbiology3\build\cyberbiology.dir\debug\cyberbiology.tlog\custombuild.write.1.tlog
e:\рабочий стол\github\cyberbiology3\build\cyberbiology.dir\debug\cyberbiology.tlog\link.command.1.tlog
e:\рабочий стол\github\cyberbiology3\build\cyberbiology.dir\debug\cyberbiology.tlog\link.read.1.tlog
e:\рабочий стол\github\cyberbiology3\build\cyberbiology.dir\debug\cyberbiology.tlog\link.write.1.tlog
