e:\рабочий стол\github\cyberbiology3\build\sdl\debug\sdl2-staticd.pdb
e:\рабочий стол\github\cyberbiology3\build\sdl\sdl2-static.dir\debug\sdl_clipboardevents.obj
e:\рабочий стол\github\cyberbiology3\build\sdl\sdl2-static.dir\debug\sdl_dynapi.obj
e:\рабочий стол\github\cyberbiology3\build\sdl\sdl2-static.dir\debug\sdl_cpuinfo.obj
e:\рабочий стол\github\cyberbiology3\build\sdl\sdl2-static.dir\debug\sdl_wave.obj
e:\рабочий стол\github\cyberbiology3\build\sdl\sdl2-static.dir\debug\sdl_mixer.obj
e:\рабочий стол\github\cyberbiology3\build\sdl\sdl2-static.dir\debug\sdl_audiotypecvt.obj
e:\рабочий стол\github\cyberbiology3\build\sdl\sdl2-static.dir\debug\sdl_audiodev.obj
e:\рабочий стол\github\cyberbiology3\build\sdl\sdl2-static.dir\debug\sdl_audiocvt.obj
e:\рабочий стол\github\cyberbiology3\build\sdl\sdl2-static.dir\debug\sdl_audio.obj
e:\рабочий стол\github\cyberbiology3\build\sdl\sdl2-static.dir\debug\sdl_spinlock.obj
e:\рабочий стол\github\cyberbiology3\build\sdl\sdl2-static.dir\debug\sdl_atomic.obj
e:\рабочий стол\github\cyberbiology3\build\sdl\sdl2-static.dir\debug\sdl_utils.obj
e:\рабочий стол\github\cyberbiology3\build\sdl\sdl2-static.dir\debug\sdl_log.obj
e:\рабочий стол\github\cyberbiology3\build\sdl\sdl2-static.dir\debug\sdl_list.obj
e:\рабочий стол\github\cyberbiology3\build\sdl\sdl2-static.dir\debug\sdl_hints.obj
e:\рабочий стол\github\cyberbiology3\build\sdl\sdl2-static.dir\debug\sdl_guid.obj
e:\рабочий стол\github\cyberbiology3\build\sdl\sdl2-static.dir\debug\sdl_error.obj
e:\рабочий стол\github\cyberbiology3\build\sdl\sdl2-static.dir\debug\sdl_dataqueue.obj
e:\рабочий стол\github\cyberbiology3\build\sdl\sdl2-static.dir\debug\sdl_assert.obj
e:\рабочий стол\github\cyberbiology3\build\sdl\sdl2-static.dir\debug\sdl.obj
e:\рабочий стол\github\cyberbiology3\build\sdl\sdl2-static.dir\debug\e_log.obj
e:\рабочий стол\github\cyberbiology3\build\sdl\sdl2-static.dir\debug\e_fmod.obj
e:\рабочий стол\github\cyberbiology3\build\sdl\sdl2-static.dir\debug\e_exp.obj
e:\рабочий стол\github\cyberbiology3\build\sdl\sdl2-static.dir\debug\e_atan2.obj
e:\рабочий стол\github\cyberbiology3\build\sdl\sdl2-static.dir\debug\controller_type.obj
e:\рабочий стол\github\cyberbiology3\build\sdl\sdl2-static.dir\debug\sdl_joystick.obj
e:\рабочий стол\github\cyberbiology3\build\sdl\sdl2-static.dir\debug\sdl_gamecontroller.obj
e:\рабочий стол\github\cyberbiology3\build\sdl\sdl2-static.dir\debug\sdl_hidapi.obj
e:\рабочий стол\github\cyberbiology3\build\sdl\sdl2-static.dir\debug\sdl_haptic.obj
e:\рабочий стол\github\cyberbiology3\build\sdl\sdl2-static.dir\debug\sdl_rwops.obj
e:\рабочий стол\github\cyberbiology3\build\sdl\sdl2-static.dir\debug\imkstoucs.obj
e:\рабочий стол\github\cyberbiology3\build\sdl\sdl2-static.dir\debug\sdl_windowevents.obj
e:\рабочий стол\github\cyberbiology3\build\sdl\sdl2-static.dir\debug\sdl_touch.obj
e:\рабочий стол\github\cyberbiology3\build\sdl\sdl2-static.dir\debug\sdl_quit.obj
e:\рабочий стол\github\cyberbiology3\build\sdl\sdl2-static.dir\debug\sdl_mouse.obj
e:\рабочий стол\github\cyberbiology3\build\sdl\sdl2-static.dir\debug\sdl_keyboard.obj
e:\рабочий стол\github\cyberbiology3\build\sdl\sdl2-static.dir\debug\sdl_gesture.obj
e:\рабочий стол\github\cyberbiology3\build\sdl\sdl2-static.dir\debug\sdl_events.obj
e:\рабочий стол\github\cyberbiology3\build\sdl\sdl2-static.dir\debug\sdl_dropevents.obj
e:\рабочий стол\github\cyberbiology3\build\sdl\sdl2-static.dir\debug\sdl_displayevents.obj
e:\рабочий стол\github\cyberbiology3\build\sdl\sdl2-static.dir\debug\sdl_d3dmath.obj
e:\рабочий стол\github\cyberbiology3\build\sdl\sdl2-static.dir\debug\sdl_power.obj
e:\рабочий стол\github\cyberbiology3\build\sdl\sdl2-static.dir\debug\sdl_url.obj
e:\рабочий стол\github\cyberbiology3\build\sdl\sdl2-static.dir\debug\sdl_locale.obj
e:\рабочий стол\github\cyberbiology3\build\sdl\sdl2-static.dir\debug\s_tan.obj
e:\рабочий стол\github\cyberbiology3\build\sdl\sdl2-static.dir\debug\s_sin.obj
e:\рабочий стол\github\cyberbiology3\build\sdl\sdl2-static.dir\debug\s_scalbn.obj
e:\рабочий стол\github\cyberbiology3\build\sdl\sdl2-static.dir\debug\s_floor.obj
e:\рабочий стол\github\cyberbiology3\build\sdl\sdl2-static.dir\debug\s_fabs.obj
e:\рабочий стол\github\cyberbiology3\build\sdl\sdl2-static.dir\debug\s_cos.obj
e:\рабочий стол\github\cyberbiology3\build\sdl\sdl2-static.dir\debug\s_copysign.obj
e:\рабочий стол\github\cyberbiology3\build\sdl\sdl2-static.dir\debug\s_atan.obj
e:\рабочий стол\github\cyberbiology3\build\sdl\sdl2-static.dir\debug\k_tan.obj
e:\рабочий стол\github\cyberbiology3\build\sdl\sdl2-static.dir\debug\k_sin.obj
e:\рабочий стол\github\cyberbiology3\build\sdl\sdl2-static.dir\debug\k_rem_pio2.obj
e:\рабочий стол\github\cyberbiology3\build\sdl\sdl2-static.dir\debug\k_cos.obj
e:\рабочий стол\github\cyberbiology3\build\sdl\sdl2-static.dir\debug\e_sqrt.obj
e:\рабочий стол\github\cyberbiology3\build\sdl\sdl2-static.dir\debug\e_rem_pio2.obj
e:\рабочий стол\github\cyberbiology3\build\sdl\sdl2-static.dir\debug\e_pow.obj
e:\рабочий стол\github\cyberbiology3\build\sdl\sdl2-static.dir\debug\e_log10.obj
e:\рабочий стол\github\cyberbiology3\build\sdl\sdl2-static.dir\debug\sdl_drawpoint.obj
e:\рабочий стол\github\cyberbiology3\build\sdl\sdl2-static.dir\debug\sdl_drawline.obj
e:\рабочий стол\github\cyberbiology3\build\sdl\sdl2-static.dir\debug\sdl_blendpoint.obj
e:\рабочий стол\github\cyberbiology3\build\sdl\sdl2-static.dir\debug\sdl_blendline.obj
e:\рабочий стол\github\cyberbiology3\build\sdl\sdl2-static.dir\debug\sdl_blendfillrect.obj
e:\рабочий стол\github\cyberbiology3\build\sdl\sdl2-static.dir\debug\sdl_render_psp.obj
e:\рабочий стол\github\cyberbiology3\build\sdl\sdl2-static.dir\debug\sdl_render_ps2.obj
e:\рабочий стол\github\cyberbiology3\build\sdl\sdl2-static.dir\debug\sdl_shaders_gles2.obj
e:\рабочий стол\github\cyberbiology3\build\sdl\sdl2-static.dir\debug\sdl_render_gles2.obj
e:\рабочий стол\github\cyberbiology3\build\sdl\sdl2-static.dir\debug\sdl_render_gles.obj
e:\рабочий стол\github\cyberbiology3\build\sdl\sdl2-static.dir\debug\sdl_shaders_gl.obj
e:\рабочий стол\github\cyberbiology3\build\sdl\sdl2-static.dir\debug\sdl_render_gl.obj
e:\рабочий стол\github\cyberbiology3\build\sdl\sdl2-static.dir\debug\sdl_shaders_d3d12.obj
e:\рабочий стол\github\cyberbiology3\build\sdl\sdl2-static.dir\debug\sdl_render_d3d12.obj
e:\рабочий стол\github\cyberbiology3\build\sdl\sdl2-static.dir\debug\sdl_shaders_d3d11.obj
e:\рабочий стол\github\cyberbiology3\build\sdl\sdl2-static.dir\debug\sdl_render_d3d11.obj
e:\рабочий стол\github\cyberbiology3\build\sdl\sdl2-static.dir\debug\sdl_shaders_d3d.obj
e:\рабочий стол\github\cyberbiology3\build\sdl\sdl2-static.dir\debug\sdl_render_d3d.obj
e:\рабочий стол\github\cyberbiology3\build\sdl\sdl2-static.dir\debug\sdl_yuv_sw.obj
e:\рабочий стол\github\cyberbiology3\build\sdl\sdl2-static.dir\debug\sdl_render.obj
e:\рабочий стол\github\cyberbiology3\build\sdl\sdl2-static.dir\debug\sdl_blit_0.obj
e:\рабочий стол\github\cyberbiology3\build\sdl\sdl2-static.dir\debug\sdl_blit.obj
e:\рабочий стол\github\cyberbiology3\build\sdl\sdl2-static.dir\debug\sdl_rleaccel.obj
e:\рабочий стол\github\cyberbiology3\build\sdl\sdl2-static.dir\debug\sdl_timer.obj
e:\рабочий стол\github\cyberbiology3\build\sdl\sdl2-static.dir\debug\sdl_thread.obj
e:\рабочий стол\github\cyberbiology3\build\sdl\sdl2-static.dir\debug\sdl_strtokr.obj
e:\рабочий стол\github\cyberbiology3\build\sdl\sdl2-static.dir\debug\sdl_string.obj
e:\рабочий стол\github\cyberbiology3\build\sdl\sdl2-static.dir\debug\sdl_stdlib.obj
e:\рабочий стол\github\cyberbiology3\build\sdl\sdl2-static.dir\debug\sdl_qsort.obj
e:\рабочий стол\github\cyberbiology3\build\sdl\sdl2-static.dir\debug\sdl_malloc.obj
e:\рабочий стол\github\cyberbiology3\build\sdl\sdl2-static.dir\debug\sdl_iconv.obj
e:\рабочий стол\github\cyberbiology3\build\sdl\sdl2-static.dir\debug\sdl_getenv.obj
e:\рабочий стол\github\cyberbiology3\build\sdl\sdl2-static.dir\debug\sdl_crc32.obj
e:\рабочий стол\github\cyberbiology3\build\sdl\sdl2-static.dir\debug\sdl_sensor.obj
e:\рабочий стол\github\cyberbiology3\build\sdl\sdl2-static.dir\debug\sdl_render_vita_gxm_tools.obj
e:\рабочий стол\github\cyberbiology3\build\sdl\sdl2-static.dir\debug\sdl_render_vita_gxm_memory.obj
e:\рабочий стол\github\cyberbiology3\build\sdl\sdl2-static.dir\debug\sdl_render_vita_gxm.obj
e:\рабочий стол\github\cyberbiology3\build\sdl\sdl2-static.dir\debug\sdl_triangle.obj
e:\рабочий стол\github\cyberbiology3\build\sdl\sdl2-static.dir\debug\sdl_rotate.obj
e:\рабочий стол\github\cyberbiology3\build\sdl\sdl2-static.dir\debug\sdl_render_sw.obj
e:\рабочий стол\github\cyberbiology3\build\sdl\sdl2-static.dir\debug\sdl_dummyaudio.obj
e:\рабочий стол\github\cyberbiology3\build\sdl\sdl2-static.dir\debug\yuv_rgb.obj
e:\рабочий стол\github\cyberbiology3\build\sdl\sdl2-static.dir\debug\sdl_yuv.obj
e:\рабочий стол\github\cyberbiology3\build\sdl\sdl2-static.dir\debug\sdl_vulkan_utils.obj
e:\рабочий стол\github\cyberbiology3\build\sdl\sdl2-static.dir\debug\sdl_video.obj
e:\рабочий стол\github\cyberbiology3\build\sdl\sdl2-static.dir\debug\sdl_surface.obj
e:\рабочий стол\github\cyberbiology3\build\sdl\sdl2-static.dir\debug\sdl_stretch.obj
e:\рабочий стол\github\cyberbiology3\build\sdl\sdl2-static.dir\debug\sdl_shape.obj
e:\рабочий стол\github\cyberbiology3\build\sdl\sdl2-static.dir\debug\sdl_rect.obj
e:\рабочий стол\github\cyberbiology3\build\sdl\sdl2-static.dir\debug\sdl_pixels.obj
e:\рабочий стол\github\cyberbiology3\build\sdl\sdl2-static.dir\debug\sdl_fillrect.obj
e:\рабочий стол\github\cyberbiology3\build\sdl\sdl2-static.dir\debug\sdl_egl.obj
e:\рабочий стол\github\cyberbiology3\build\sdl\sdl2-static.dir\debug\sdl_clipboard.obj
e:\рабочий стол\github\cyberbiology3\build\sdl\sdl2-static.dir\debug\sdl_bmp.obj
e:\рабочий стол\github\cyberbiology3\build\sdl\sdl2-static.dir\debug\sdl_blit_slow.obj
e:\рабочий стол\github\cyberbiology3\build\sdl\sdl2-static.dir\debug\sdl_blit_copy.obj
e:\рабочий стол\github\cyberbiology3\build\sdl\sdl2-static.dir\debug\sdl_blit_auto.obj
e:\рабочий стол\github\cyberbiology3\build\sdl\sdl2-static.dir\debug\sdl_blit_n.obj
e:\рабочий стол\github\cyberbiology3\build\sdl\sdl2-static.dir\debug\sdl_blit_a.obj
e:\рабочий стол\github\cyberbiology3\build\sdl\sdl2-static.dir\debug\sdl_blit_1.obj
e:\рабочий стол\github\cyberbiology3\build\sdl\sdl2-static.dir\debug\sdl_windowsmodes.obj
e:\рабочий стол\github\cyberbiology3\build\sdl\sdl2-static.dir\debug\sdl_windowsmessagebox.obj
e:\рабочий стол\github\cyberbiology3\build\sdl\sdl2-static.dir\debug\sdl_windowskeyboard.obj
e:\рабочий стол\github\cyberbiology3\build\sdl\sdl2-static.dir\debug\sdl_windowsframebuffer.obj
e:\рабочий стол\github\cyberbiology3\build\sdl\sdl2-static.dir\debug\sdl_windowsevents.obj
e:\рабочий стол\github\cyberbiology3\build\sdl\sdl2-static.dir\debug\sdl_windowsclipboard.obj
e:\рабочий стол\github\cyberbiology3\build\sdl\sdl2-static.dir\debug\sdl_wasapi_win32.obj
e:\рабочий стол\github\cyberbiology3\build\sdl\sdl2-static.dir\debug\sdl_wasapi.obj
e:\рабочий стол\github\cyberbiology3\build\sdl\sdl2-static.dir\debug\sdl_directsound.obj
e:\рабочий стол\github\cyberbiology3\build\sdl\sdl2-static.dir\debug\sdl_winmm.obj
e:\рабочий стол\github\cyberbiology3\build\sdl\sdl2-static.dir\debug\sdl_sysurl.obj
e:\рабочий стол\github\cyberbiology3\build\sdl\sdl2-static.dir\debug\sdl_xinput.obj
e:\рабочий стол\github\cyberbiology3\build\sdl\sdl2-static.dir\debug\sdl_windows.obj
e:\рабочий стол\github\cyberbiology3\build\sdl\sdl2-static.dir\debug\sdl_immdevice.obj
e:\рабочий стол\github\cyberbiology3\build\sdl\sdl2-static.dir\debug\sdl_hid.obj
e:\рабочий стол\github\cyberbiology3\build\sdl\sdl2-static.dir\debug\sdl_nullvideo.obj
e:\рабочий стол\github\cyberbiology3\build\sdl\sdl2-static.dir\debug\sdl_nullframebuffer.obj
e:\рабочий стол\github\cyberbiology3\build\sdl\sdl2-static.dir\debug\sdl_nullevents.obj
e:\рабочий стол\github\cyberbiology3\build\sdl\sdl2-static.dir\debug\sdl_virtualjoystick.obj
e:\рабочий стол\github\cyberbiology3\build\sdl\sdl2-static.dir\debug\sdl_diskaudio.obj
e:\рабочий стол\github\cyberbiology3\build\sdl\sdl2-static.dir\debug\sdl_hidapi_combined.obj
e:\рабочий стол\github\cyberbiology3\build\sdl\sdl2-static.dir\debug\sdl_sysloadso.obj
e:\рабочий стол\github\cyberbiology3\build\sdl\sdl2-static.dir\debug\sdl_systimer.obj
e:\рабочий стол\github\cyberbiology3\build\sdl\sdl2-static.dir\debug\sdl_sysfilesystem.obj
e:\рабочий стол\github\cyberbiology3\build\sdl\sdl2-static.dir\debug\sdl_syslocale.obj
e:\рабочий стол\github\cyberbiology3\build\sdl\sdl2-static.dir\debug\sdl_syspower.obj
e:\рабочий стол\github\cyberbiology3\build\sdl\sdl2-static.dir\debug\sdl_windowssensor.obj
e:\рабочий стол\github\cyberbiology3\build\sdl\sdl2-static.dir\debug\sdl_systls.obj
e:\рабочий стол\github\cyberbiology3\build\sdl\sdl2-static.dir\debug\sdl_systhread.obj
e:\рабочий стол\github\cyberbiology3\build\sdl\sdl2-static.dir\debug\sdl_syssem.obj
e:\рабочий стол\github\cyberbiology3\build\sdl\sdl2-static.dir\debug\sdl_sysmutex.obj
e:\рабочий стол\github\cyberbiology3\build\sdl\sdl2-static.dir\debug\sdl_syscond_cv.obj
e:\рабочий стол\github\cyberbiology3\build\sdl\sdl2-static.dir\debug\sdl_syscond.obj
e:\рабочий стол\github\cyberbiology3\build\sdl\sdl2-static.dir\debug\sdl_windowswindow.obj
e:\рабочий стол\github\cyberbiology3\build\sdl\sdl2-static.dir\debug\sdl_windowsvulkan.obj
e:\рабочий стол\github\cyberbiology3\build\sdl\sdl2-static.dir\debug\sdl_windowsvideo.obj
e:\рабочий стол\github\cyberbiology3\build\sdl\sdl2-static.dir\debug\sdl_windowsshape.obj
e:\рабочий стол\github\cyberbiology3\build\sdl\sdl2-static.dir\debug\sdl_windowsopengles.obj
e:\рабочий стол\github\cyberbiology3\build\sdl\sdl2-static.dir\debug\sdl_windowsopengl.obj
e:\рабочий стол\github\cyberbiology3\build\sdl\sdl2-static.dir\debug\sdl_windowsmouse.obj
e:\рабочий стол\github\cyberbiology3\build\sdl\sdl2-static.dir\debug\sdl_windowshaptic.obj
e:\рабочий стол\github\cyberbiology3\build\sdl\sdl2-static.dir\debug\sdl_dinputhaptic.obj
e:\рабочий стол\github\cyberbiology3\build\sdl\sdl2-static.dir\debug\sdl_xinputjoystick.obj
e:\рабочий стол\github\cyberbiology3\build\sdl\sdl2-static.dir\debug\sdl_windowsjoystick.obj
e:\рабочий стол\github\cyberbiology3\build\sdl\sdl2-static.dir\debug\sdl_windows_gaming_input.obj
e:\рабочий стол\github\cyberbiology3\build\sdl\sdl2-static.dir\debug\sdl_rawinputjoystick.obj
e:\рабочий стол\github\cyberbiology3\build\sdl\sdl2-static.dir\debug\sdl_dinputjoystick.obj
e:\рабочий стол\github\cyberbiology3\build\sdl\sdl2-static.dir\debug\sdl_hidapijoystick.obj
e:\рабочий стол\github\cyberbiology3\build\sdl\sdl2-static.dir\debug\sdl_hidapi_xboxone.obj
e:\рабочий стол\github\cyberbiology3\build\sdl\sdl2-static.dir\debug\sdl_hidapi_xbox360w.obj
e:\рабочий стол\github\cyberbiology3\build\sdl\sdl2-static.dir\debug\sdl_hidapi_xbox360.obj
e:\рабочий стол\github\cyberbiology3\build\sdl\sdl2-static.dir\debug\sdl_hidapi_switch.obj
e:\рабочий стол\github\cyberbiology3\build\sdl\sdl2-static.dir\debug\sdl_hidapi_steam.obj
e:\рабочий стол\github\cyberbiology3\build\sdl\sdl2-static.dir\debug\sdl_hidapi_stadia.obj
e:\рабочий стол\github\cyberbiology3\build\sdl\sdl2-static.dir\debug\sdl_hidapi_shield.obj
e:\рабочий стол\github\cyberbiology3\build\sdl\sdl2-static.dir\debug\sdl_hidapi_rumble.obj
e:\рабочий стол\github\cyberbiology3\build\sdl\sdl2-static.dir\debug\sdl_hidapi_ps5.obj
e:\рабочий стол\github\cyberbiology3\build\sdl\sdl2-static.dir\debug\sdl_hidapi_ps4.obj
e:\рабочий стол\github\cyberbiology3\build\sdl\sdl2-static.dir\debug\sdl_hidapi_luna.obj
e:\рабочий стол\github\cyberbiology3\build\sdl\sdl2-static.dir\debug\sdl_hidapi_gamecube.obj
e:\рабочий стол\github\cyberbiology3\build\sdl\sdl2-static.dir\debug\sdl_xinputhaptic.obj
e:\рабочий стол\github\cyberbiology3\build\sdl\sdl2-static.dir\debug\sdl_mslibc.obj
c:\desktopgithub\cyberbiology3\build\sdl\debug\sdl2-staticd.pdb
c:\desktopgithub\cyberbiology3\build\sdl\sdl2-static.dir\debug\sdl_clipboardevents.obj
c:\desktopgithub\cyberbiology3\build\sdl\sdl2-static.dir\debug\sdl_dynapi.obj
c:\desktopgithub\cyberbiology3\build\sdl\sdl2-static.dir\debug\sdl_cpuinfo.obj
c:\desktopgithub\cyberbiology3\build\sdl\sdl2-static.dir\debug\sdl_wave.obj
c:\desktopgithub\cyberbiology3\build\sdl\sdl2-static.dir\debug\sdl_mixer.obj
c:\desktopgithub\cyberbiology3\build\sdl\sdl2-static.dir\debug\sdl_audiotypecvt.obj
c:\desktopgithub\cyberbiology3\build\sdl\sdl2-static.dir\debug\sdl_audiodev.obj
c:\desktopgithub\cyberbiology3\build\sdl\sdl2-static.dir\debug\sdl_audiocvt.obj
c:\desktopgithub\cyberbiology3\build\sdl\sdl2-static.dir\debug\sdl_audio.obj
c:\desktopgithub\cyberbiology3\build\sdl\sdl2-static.dir\debug\sdl_spinlock.obj
c:\desktopgithub\cyberbiology3\build\sdl\sdl2-static.dir\debug\sdl_atomic.obj
c:\desktopgithub\cyberbiology3\build\sdl\sdl2-static.dir\debug\sdl_utils.obj
c:\desktopgithub\cyberbiology3\build\sdl\sdl2-static.dir\debug\sdl_log.obj
c:\desktopgithub\cyberbiology3\build\sdl\sdl2-static.dir\debug\sdl_list.obj
c:\desktopgithub\cyberbiology3\build\sdl\sdl2-static.dir\debug\sdl_hints.obj
c:\desktopgithub\cyberbiology3\build\sdl\sdl2-static.dir\debug\sdl_guid.obj
c:\desktopgithub\cyberbiology3\build\sdl\sdl2-static.dir\debug\sdl_error.obj
c:\desktopgithub\cyberbiology3\build\sdl\sdl2-static.dir\debug\sdl_dataqueue.obj
c:\desktopgithub\cyberbiology3\build\sdl\sdl2-static.dir\debug\sdl_assert.obj
c:\desktopgithub\cyberbiology3\build\sdl\sdl2-static.dir\debug\sdl.obj
c:\desktopgithub\cyberbiology3\build\sdl\sdl2-static.dir\debug\e_log.obj
c:\desktopgithub\cyberbiology3\build\sdl\sdl2-static.dir\debug\e_fmod.obj
c:\desktopgithub\cyberbiology3\build\sdl\sdl2-static.dir\debug\e_exp.obj
c:\desktopgithub\cyberbiology3\build\sdl\sdl2-static.dir\debug\e_atan2.obj
c:\desktopgithub\cyberbiology3\build\sdl\sdl2-static.dir\debug\controller_type.obj
c:\desktopgithub\cyberbiology3\build\sdl\sdl2-static.dir\debug\sdl_joystick.obj
c:\desktopgithub\cyberbiology3\build\sdl\sdl2-static.dir\debug\sdl_gamecontroller.obj
c:\desktopgithub\cyberbiology3\build\sdl\sdl2-static.dir\debug\sdl_hidapi.obj
c:\desktopgithub\cyberbiology3\build\sdl\sdl2-static.dir\debug\sdl_haptic.obj
c:\desktopgithub\cyberbiology3\build\sdl\sdl2-static.dir\debug\sdl_rwops.obj
c:\desktopgithub\cyberbiology3\build\sdl\sdl2-static.dir\debug\imkstoucs.obj
c:\desktopgithub\cyberbiology3\build\sdl\sdl2-static.dir\debug\sdl_windowevents.obj
c:\desktopgithub\cyberbiology3\build\sdl\sdl2-static.dir\debug\sdl_touch.obj
c:\desktopgithub\cyberbiology3\build\sdl\sdl2-static.dir\debug\sdl_quit.obj
c:\desktopgithub\cyberbiology3\build\sdl\sdl2-static.dir\debug\sdl_mouse.obj
c:\desktopgithub\cyberbiology3\build\sdl\sdl2-static.dir\debug\sdl_keyboard.obj
c:\desktopgithub\cyberbiology3\build\sdl\sdl2-static.dir\debug\sdl_gesture.obj
c:\desktopgithub\cyberbiology3\build\sdl\sdl2-static.dir\debug\sdl_events.obj
c:\desktopgithub\cyberbiology3\build\sdl\sdl2-static.dir\debug\sdl_dropevents.obj
c:\desktopgithub\cyberbiology3\build\sdl\sdl2-static.dir\debug\sdl_displayevents.obj
c:\desktopgithub\cyberbiology3\build\sdl\sdl2-static.dir\debug\sdl_d3dmath.obj
c:\desktopgithub\cyberbiology3\build\sdl\sdl2-static.dir\debug\sdl_power.obj
c:\desktopgithub\cyberbiology3\build\sdl\sdl2-static.dir\debug\sdl_url.obj
c:\desktopgithub\cyberbiology3\build\sdl\sdl2-static.dir\debug\sdl_locale.obj
c:\desktopgithub\cyberbiology3\build\sdl\sdl2-static.dir\debug\s_tan.obj
c:\desktopgithub\cyberbiology3\build\sdl\sdl2-static.dir\debug\s_sin.obj
c:\desktopgithub\cyberbiology3\build\sdl\sdl2-static.dir\debug\s_scalbn.obj
c:\desktopgithub\cyberbiology3\build\sdl\sdl2-static.dir\debug\s_floor.obj
c:\desktopgithub\cyberbiology3\build\sdl\sdl2-static.dir\debug\s_fabs.obj
c:\desktopgithub\cyberbiology3\build\sdl\sdl2-static.dir\debug\s_cos.obj
c:\desktopgithub\cyberbiology3\build\sdl\sdl2-static.dir\debug\s_copysign.obj
c:\desktopgithub\cyberbiology3\build\sdl\sdl2-static.dir\debug\s_atan.obj
c:\desktopgithub\cyberbiology3\build\sdl\sdl2-static.dir\debug\k_tan.obj
c:\desktopgithub\cyberbiology3\build\sdl\sdl2-static.dir\debug\k_sin.obj
c:\desktopgithub\cyberbiology3\build\sdl\sdl2-static.dir\debug\k_rem_pio2.obj
c:\desktopgithub\cyberbiology3\build\sdl\sdl2-static.dir\debug\k_cos.obj
c:\desktopgithub\cyberbiology3\build\sdl\sdl2-static.dir\debug\e_sqrt.obj
c:\desktopgithub\cyberbiology3\build\sdl\sdl2-static.dir\debug\e_rem_pio2.obj
c:\desktopgithub\cyberbiology3\build\sdl\sdl2-static.dir\debug\e_pow.obj
c:\desktopgithub\cyberbiology3\build\sdl\sdl2-static.dir\debug\e_log10.obj
c:\desktopgithub\cyberbiology3\build\sdl\sdl2-static.dir\debug\sdl_drawpoint.obj
c:\desktopgithub\cyberbiology3\build\sdl\sdl2-static.dir\debug\sdl_drawline.obj
c:\desktopgithub\cyberbiology3\build\sdl\sdl2-static.dir\debug\sdl_blendpoint.obj
c:\desktopgithub\cyberbiology3\build\sdl\sdl2-static.dir\debug\sdl_blendline.obj
c:\desktopgithub\cyberbiology3\build\sdl\sdl2-static.dir\debug\sdl_blendfillrect.obj
c:\desktopgithub\cyberbiology3\build\sdl\sdl2-static.dir\debug\sdl_render_psp.obj
c:\desktopgithub\cyberbiology3\build\sdl\sdl2-static.dir\debug\sdl_render_ps2.obj
c:\desktopgithub\cyberbiology3\build\sdl\sdl2-static.dir\debug\sdl_shaders_gles2.obj
c:\desktopgithub\cyberbiology3\build\sdl\sdl2-static.dir\debug\sdl_render_gles2.obj
c:\desktopgithub\cyberbiology3\build\sdl\sdl2-static.dir\debug\sdl_render_gles.obj
c:\desktopgithub\cyberbiology3\build\sdl\sdl2-static.dir\debug\sdl_shaders_gl.obj
c:\desktopgithub\cyberbiology3\build\sdl\sdl2-static.dir\debug\sdl_render_gl.obj
c:\desktopgithub\cyberbiology3\build\sdl\sdl2-static.dir\debug\sdl_shaders_d3d12.obj
c:\desktopgithub\cyberbiology3\build\sdl\sdl2-static.dir\debug\sdl_render_d3d12.obj
c:\desktopgithub\cyberbiology3\build\sdl\sdl2-static.dir\debug\sdl_shaders_d3d11.obj
c:\desktopgithub\cyberbiology3\build\sdl\sdl2-static.dir\debug\sdl_render_d3d11.obj
c:\desktopgithub\cyberbiology3\build\sdl\sdl2-static.dir\debug\sdl_shaders_d3d.obj
c:\desktopgithub\cyberbiology3\build\sdl\sdl2-static.dir\debug\sdl_render_d3d.obj
c:\desktopgithub\cyberbiology3\build\sdl\sdl2-static.dir\debug\sdl_yuv_sw.obj
c:\desktopgithub\cyberbiology3\build\sdl\sdl2-static.dir\debug\sdl_render.obj
c:\desktopgithub\cyberbiology3\build\sdl\sdl2-static.dir\debug\sdl_blit_0.obj
c:\desktopgithub\cyberbiology3\build\sdl\sdl2-static.dir\debug\sdl_blit.obj
c:\desktopgithub\cyberbiology3\build\sdl\sdl2-static.dir\debug\sdl_rleaccel.obj
c:\desktopgithub\cyberbiology3\build\sdl\sdl2-static.dir\debug\sdl_timer.obj
c:\desktopgithub\cyberbiology3\build\sdl\sdl2-static.dir\debug\sdl_thread.obj
c:\desktopgithub\cyberbiology3\build\sdl\sdl2-static.dir\debug\sdl_strtokr.obj
c:\desktopgithub\cyberbiology3\build\sdl\sdl2-static.dir\debug\sdl_string.obj
c:\desktopgithub\cyberbiology3\build\sdl\sdl2-static.dir\debug\sdl_stdlib.obj
c:\desktopgithub\cyberbiology3\build\sdl\sdl2-static.dir\debug\sdl_qsort.obj
c:\desktopgithub\cyberbiology3\build\sdl\sdl2-static.dir\debug\sdl_malloc.obj
c:\desktopgithub\cyberbiology3\build\sdl\sdl2-static.dir\debug\sdl_iconv.obj
c:\desktopgithub\cyberbiology3\build\sdl\sdl2-static.dir\debug\sdl_getenv.obj
c:\desktopgithub\cyberbiology3\build\sdl\sdl2-static.dir\debug\sdl_crc32.obj
c:\desktopgithub\cyberbiology3\build\sdl\sdl2-static.dir\debug\sdl_sensor.obj
c:\desktopgithub\cyberbiology3\build\sdl\sdl2-static.dir\debug\sdl_render_vita_gxm_tools.obj
c:\desktopgithub\cyberbiology3\build\sdl\sdl2-static.dir\debug\sdl_render_vita_gxm_memory.obj
c:\desktopgithub\cyberbiology3\build\sdl\sdl2-static.dir\debug\sdl_render_vita_gxm.obj
c:\desktopgithub\cyberbiology3\build\sdl\sdl2-static.dir\debug\sdl_triangle.obj
c:\desktopgithub\cyberbiology3\build\sdl\sdl2-static.dir\debug\sdl_rotate.obj
c:\desktopgithub\cyberbiology3\build\sdl\sdl2-static.dir\debug\sdl_render_sw.obj
c:\desktopgithub\cyberbiology3\build\sdl\sdl2-static.dir\debug\sdl_dummyaudio.obj
c:\desktopgithub\cyberbiology3\build\sdl\sdl2-static.dir\debug\yuv_rgb.obj
c:\desktopgithub\cyberbiology3\build\sdl\sdl2-static.dir\debug\sdl_yuv.obj
c:\desktopgithub\cyberbiology3\build\sdl\sdl2-static.dir\debug\sdl_vulkan_utils.obj
c:\desktopgithub\cyberbiology3\build\sdl\sdl2-static.dir\debug\sdl_video.obj
c:\desktopgithub\cyberbiology3\build\sdl\sdl2-static.dir\debug\sdl_surface.obj
c:\desktopgithub\cyberbiology3\build\sdl\sdl2-static.dir\debug\sdl_stretch.obj
c:\desktopgithub\cyberbiology3\build\sdl\sdl2-static.dir\debug\sdl_shape.obj
c:\desktopgithub\cyberbiology3\build\sdl\sdl2-static.dir\debug\sdl_rect.obj
c:\desktopgithub\cyberbiology3\build\sdl\sdl2-static.dir\debug\sdl_pixels.obj
c:\desktopgithub\cyberbiology3\build\sdl\sdl2-static.dir\debug\sdl_fillrect.obj
c:\desktopgithub\cyberbiology3\build\sdl\sdl2-static.dir\debug\sdl_egl.obj
c:\desktopgithub\cyberbiology3\build\sdl\sdl2-static.dir\debug\sdl_clipboard.obj
c:\desktopgithub\cyberbiology3\build\sdl\sdl2-static.dir\debug\sdl_bmp.obj
c:\desktopgithub\cyberbiology3\build\sdl\sdl2-static.dir\debug\sdl_blit_slow.obj
c:\desktopgithub\cyberbiology3\build\sdl\sdl2-static.dir\debug\sdl_blit_copy.obj
c:\desktopgithub\cyberbiology3\build\sdl\sdl2-static.dir\debug\sdl_blit_auto.obj
c:\desktopgithub\cyberbiology3\build\sdl\sdl2-static.dir\debug\sdl_blit_n.obj
c:\desktopgithub\cyberbiology3\build\sdl\sdl2-static.dir\debug\sdl_blit_a.obj
c:\desktopgithub\cyberbiology3\build\sdl\sdl2-static.dir\debug\sdl_blit_1.obj
c:\desktopgithub\cyberbiology3\build\sdl\sdl2-static.dir\debug\sdl_windowsmodes.obj
c:\desktopgithub\cyberbiology3\build\sdl\sdl2-static.dir\debug\sdl_windowsmessagebox.obj
c:\desktopgithub\cyberbiology3\build\sdl\sdl2-static.dir\debug\sdl_windowskeyboard.obj
c:\desktopgithub\cyberbiology3\build\sdl\sdl2-static.dir\debug\sdl_windowsframebuffer.obj
c:\desktopgithub\cyberbiology3\build\sdl\sdl2-static.dir\debug\sdl_windowsevents.obj
c:\desktopgithub\cyberbiology3\build\sdl\sdl2-static.dir\debug\sdl_windowsclipboard.obj
c:\desktopgithub\cyberbiology3\build\sdl\sdl2-static.dir\debug\sdl_wasapi_win32.obj
c:\desktopgithub\cyberbiology3\build\sdl\sdl2-static.dir\debug\sdl_wasapi.obj
c:\desktopgithub\cyberbiology3\build\sdl\sdl2-static.dir\debug\sdl_directsound.obj
c:\desktopgithub\cyberbiology3\build\sdl\sdl2-static.dir\debug\sdl_winmm.obj
c:\desktopgithub\cyberbiology3\build\sdl\sdl2-static.dir\debug\sdl_sysurl.obj
c:\desktopgithub\cyberbiology3\build\sdl\sdl2-static.dir\debug\sdl_xinput.obj
c:\desktopgithub\cyberbiology3\build\sdl\sdl2-static.dir\debug\sdl_windows.obj
c:\desktopgithub\cyberbiology3\build\sdl\sdl2-static.dir\debug\sdl_immdevice.obj
c:\desktopgithub\cyberbiology3\build\sdl\sdl2-static.dir\debug\sdl_hid.obj
c:\desktopgithub\cyberbiology3\build\sdl\sdl2-static.dir\debug\sdl_nullvideo.obj
c:\desktopgithub\cyberbiology3\build\sdl\sdl2-static.dir\debug\sdl_nullframebuffer.obj
c:\desktopgithub\cyberbiology3\build\sdl\sdl2-static.dir\debug\sdl_nullevents.obj
c:\desktopgithub\cyberbiology3\build\sdl\sdl2-static.dir\debug\sdl_virtualjoystick.obj
c:\desktopgithub\cyberbiology3\build\sdl\sdl2-static.dir\debug\sdl_diskaudio.obj
c:\desktopgithub\cyberbiology3\build\sdl\sdl2-static.dir\debug\sdl_hidapi_combined.obj
c:\desktopgithub\cyberbiology3\build\sdl\sdl2-static.dir\debug\sdl_sysloadso.obj
c:\desktopgithub\cyberbiology3\build\sdl\sdl2-static.dir\debug\sdl_systimer.obj
c:\desktopgithub\cyberbiology3\build\sdl\sdl2-static.dir\debug\sdl_sysfilesystem.obj
c:\desktopgithub\cyberbiology3\build\sdl\sdl2-static.dir\debug\sdl_syslocale.obj
c:\desktopgithub\cyberbiology3\build\sdl\sdl2-static.dir\debug\sdl_syspower.obj
c:\desktopgithub\cyberbiology3\build\sdl\sdl2-static.dir\debug\sdl_windowssensor.obj
c:\desktopgithub\cyberbiology3\build\sdl\sdl2-static.dir\debug\sdl_systls.obj
c:\desktopgithub\cyberbiology3\build\sdl\sdl2-static.dir\debug\sdl_systhread.obj
c:\desktopgithub\cyberbiology3\build\sdl\sdl2-static.dir\debug\sdl_syssem.obj
c:\desktopgithub\cyberbiology3\build\sdl\sdl2-static.dir\debug\sdl_sysmutex.obj
c:\desktopgithub\cyberbiology3\build\sdl\sdl2-static.dir\debug\sdl_syscond_cv.obj
c:\desktopgithub\cyberbiology3\build\sdl\sdl2-static.dir\debug\sdl_syscond.obj
c:\desktopgithub\cyberbiology3\build\sdl\sdl2-static.dir\debug\sdl_windowswindow.obj
c:\desktopgithub\cyberbiology3\build\sdl\sdl2-static.dir\debug\sdl_windowsvulkan.obj
c:\desktopgithub\cyberbiology3\build\sdl\sdl2-static.dir\debug\sdl_windowsvideo.obj
c:\desktopgithub\cyberbiology3\build\sdl\sdl2-static.dir\debug\sdl_windowsshape.obj
c:\desktopgithub\cyberbiology3\build\sdl\sdl2-static.dir\debug\sdl_windowsopengles.obj
c:\desktopgithub\cyberbiology3\build\sdl\sdl2-static.dir\debug\sdl_windowsopengl.obj
c:\desktopgithub\cyberbiology3\build\sdl\sdl2-static.dir\debug\sdl_windowsmouse.obj
c:\desktopgithub\cyberbiology3\build\sdl\sdl2-static.dir\debug\sdl_windowshaptic.obj
c:\desktopgithub\cyberbiology3\build\sdl\sdl2-static.dir\debug\sdl_dinputhaptic.obj
c:\desktopgithub\cyberbiology3\build\sdl\sdl2-static.dir\debug\sdl_xinputjoystick.obj
c:\desktopgithub\cyberbiology3\build\sdl\sdl2-static.dir\debug\sdl_windowsjoystick.obj
c:\desktopgithub\cyberbiology3\build\sdl\sdl2-static.dir\debug\sdl_windows_gaming_input.obj
c:\desktopgithub\cyberbiology3\build\sdl\sdl2-static.dir\debug\sdl_rawinputjoystick.obj
c:\desktopgithub\cyberbiology3\build\sdl\sdl2-static.dir\debug\sdl_dinputjoystick.obj
c:\desktopgithub\cyberbiology3\build\sdl\sdl2-static.dir\debug\sdl_hidapijoystick.obj
c:\desktopgithub\cyberbiology3\build\sdl\sdl2-static.dir\debug\sdl_hidapi_xboxone.obj
c:\desktopgithub\cyberbiology3\build\sdl\sdl2-static.dir\debug\sdl_hidapi_xbox360w.obj
c:\desktopgithub\cyberbiology3\build\sdl\sdl2-static.dir\debug\sdl_hidapi_xbox360.obj
c:\desktopgithub\cyberbiology3\build\sdl\sdl2-static.dir\debug\sdl_hidapi_switch.obj
c:\desktopgithub\cyberbiology3\build\sdl\sdl2-static.dir\debug\sdl_hidapi_steam.obj
c:\desktopgithub\cyberbiology3\build\sdl\sdl2-static.dir\debug\sdl_hidapi_stadia.obj
c:\desktopgithub\cyberbiology3\build\sdl\sdl2-static.dir\debug\sdl_hidapi_shield.obj
c:\desktopgithub\cyberbiology3\build\sdl\sdl2-static.dir\debug\sdl_hidapi_rumble.obj
c:\desktopgithub\cyberbiology3\build\sdl\sdl2-static.dir\debug\sdl_hidapi_ps5.obj
c:\desktopgithub\cyberbiology3\build\sdl\sdl2-static.dir\debug\sdl_hidapi_ps4.obj
c:\desktopgithub\cyberbiology3\build\sdl\sdl2-static.dir\debug\sdl_hidapi_luna.obj
c:\desktopgithub\cyberbiology3\build\sdl\sdl2-static.dir\debug\sdl_hidapi_gamecube.obj
c:\desktopgithub\cyberbiology3\build\sdl\sdl2-static.dir\debug\sdl_xinputhaptic.obj
c:\desktopgithub\cyberbiology3\build\sdl\sdl2-static.dir\debug\sdl_mslibc.obj
e:\рабочий стол\github\cyberbiology3\build\sdl\cmakefiles\generate.stamp
c:\desktopgithub\cyberbiology3\build\sdl\debug\sdl2-staticd.lib
e:\рабочий стол\github\cyberbiology3\build\sdl\debug\sdl2-staticd.lib
e:\рабочий стол\github\cyberbiology3\build\sdl\sdl2-static.dir\debug\sdl2-static.tlog\cl.command.1.tlog
e:\рабочий стол\github\cyberbiology3\build\sdl\sdl2-static.dir\debug\sdl2-static.tlog\cl.read.1.tlog
e:\рабочий стол\github\cyberbiology3\build\sdl\sdl2-static.dir\debug\sdl2-static.tlog\cl.write.1.tlog
e:\рабочий стол\github\cyberbiology3\build\sdl\sdl2-static.dir\debug\sdl2-static.tlog\custombuild.command.1.tlog
e:\рабочий стол\github\cyberbiology3\build\sdl\sdl2-static.dir\debug\sdl2-static.tlog\custombuild.read.1.tlog
e:\рабочий стол\github\cyberbiology3\build\sdl\sdl2-static.dir\debug\sdl2-static.tlog\custombuild.write.1.tlog
e:\рабочий стол\github\cyberbiology3\build\sdl\sdl2-static.dir\debug\sdl2-static.tlog\lib-link.read.1.tlog
e:\рабочий стол\github\cyberbiology3\build\sdl\sdl2-static.dir\debug\sdl2-static.tlog\lib-link.write.1.tlog
e:\рабочий стол\github\cyberbiology3\build\sdl\sdl2-static.dir\debug\sdl2-static.tlog\lib.command.1.tlog
