Determining if the __GLIBC__ exist failed with the following output:
Change Dir: C:/DesktopGithub/CyberBiology3/build/CMakeFiles/CMakeTmp

Run Build Command(s):C:/Program Files/Microsoft Visual Studio/2022/Community/MSBuild/Current/Bin/amd64/MSBuild.exe cmTC_b7ab7.vcxproj /p:Configuration=Debug /p:Platform=x64 /p:VisualStudioVersion=17.0 /v:m && MSBuild version 17.4.1+9a89d02ff for .NET Framework
  Оптимизирующий компилятор Microsoft (R) C/C++ версии 19.34.31937 для x64
  CheckSymbolExists.c
  (C) Корпорация Майкрософт (Microsoft Corporation).  Все права защищены.
  cl /c /Zi /W3 /WX- /diagnostics:column /Od /Ob0 /D _MBCS /D WIN32 /D _WINDOWS /D "CMAKE_INTDIR=\"Debug\"" /Gm- /RTC1 /MDd /GS /fp:precise /Zc:wchar_t /Zc:forScope /Zc:inline /Fo"cmTC_b7ab7.dir\Debug\\" /Fd"cmTC_b7ab7.dir\Debug\vc143.pdb" /external:W3 /Gd /TC /errorReport:queue C:\DesktopGithub\CyberBiology3\build\CMakeFiles\CMakeTmp\CheckSymbolExists.c
C:\DesktopGithub\CyberBiology3\build\CMakeFiles\CMakeTmp\CheckSymbolExists.c(8,28): error C2065: __GLIBC__: необъявленный идентификатор [C:\DesktopGithub\CyberBiology3\build\CMakeFiles\CMakeTmp\cmTC_b7ab7.vcxproj]


File C:/DesktopGithub/CyberBiology3/build/CMakeFiles/CMakeTmp/CheckSymbolExists.c:
/* */
#include <stdlib.h>

int main(int argc, char** argv)
{
  (void)argv;
#ifndef __GLIBC__
  return ((int*)(&__GLIBC__))[argc];
#else
  (void)argc;
  return 0;
#endif
}
Performing C SOURCE FILE Test HAVE_XINPUT_GAMEPAD_EX failed with the following output:
Change Dir: C:/DesktopGithub/CyberBiology3/build/CMakeFiles/CMakeTmp

Run Build Command(s):C:/Program Files/Microsoft Visual Studio/2022/Community/MSBuild/Current/Bin/amd64/MSBuild.exe cmTC_682a8.vcxproj /p:Configuration=Debug /p:Platform=x64 /p:VisualStudioVersion=17.0 /v:m && MSBuild version 17.4.1+9a89d02ff for .NET Framework
  Оптимизирующий компилятор Microsoft (R) C/C++ версии 19.34.31937 для x64
  src.c
  (C) Корпорация Майкрософт (Microsoft Corporation).  Все права защищены.
  cl /c /Zi /W3 /WX- /diagnostics:column /Od /Ob0 /D _MBCS /D WIN32 /D _WINDOWS /D HAVE_XINPUT_GAMEPAD_EX /D "CMAKE_INTDIR=\"Debug\"" /Gm- /RTC1 /MDd /GS /fp:precise /Zc:wchar_t /Zc:forScope /Zc:inline /Fo"cmTC_682a8.dir\Debug\\" /Fd"cmTC_682a8.dir\Debug\vc143.pdb" /external:W3 /Gd /TC /errorReport:queue C:\DesktopGithub\CyberBiology3\build\CMakeFiles\CMakeTmp\src.c
C:\DesktopGithub\CyberBiology3\build\CMakeFiles\CMakeTmp\src.c(4,25): error C2061: синтаксическая ошибка: идентификатор "x1" [C:\DesktopGithub\CyberBiology3\build\CMakeFiles\CMakeTmp\cmTC_682a8.vcxproj]
C:\DesktopGithub\CyberBiology3\build\CMakeFiles\CMakeTmp\src.c(4,25): error C2059: синтаксическая ошибка: ; [C:\DesktopGithub\CyberBiology3\build\CMakeFiles\CMakeTmp\cmTC_682a8.vcxproj]


Source file was:

      #include <windows.h>
      #include <xinput.h>
      XINPUT_GAMEPAD_EX x1;
      int main(int argc, char **argv) { return 0; }
Performing C SOURCE FILE Test HAVE_XINPUT_STATE_EX failed with the following output:
Change Dir: C:/DesktopGithub/CyberBiology3/build/CMakeFiles/CMakeTmp

Run Build Command(s):C:/Program Files/Microsoft Visual Studio/2022/Community/MSBuild/Current/Bin/amd64/MSBuild.exe cmTC_de64c.vcxproj /p:Configuration=Debug /p:Platform=x64 /p:VisualStudioVersion=17.0 /v:m && MSBuild version 17.4.1+9a89d02ff for .NET Framework
  Оптимизирующий компилятор Microsoft (R) C/C++ версии 19.34.31937 для x64
  src.c
  (C) Корпорация Майкрософт (Microsoft Corporation).  Все права защищены.
  cl /c /Zi /W3 /WX- /diagnostics:column /Od /Ob0 /D _MBCS /D WIN32 /D _WINDOWS /D HAVE_XINPUT_STATE_EX /D "CMAKE_INTDIR=\"Debug\"" /Gm- /RTC1 /MDd /GS /fp:precise /Zc:wchar_t /Zc:forScope /Zc:inline /Fo"cmTC_de64c.dir\Debug\\" /Fd"cmTC_de64c.dir\Debug\vc143.pdb" /external:W3 /Gd /TC /errorReport:queue C:\DesktopGithub\CyberBiology3\build\CMakeFiles\CMakeTmp\src.c
C:\DesktopGithub\CyberBiology3\build\CMakeFiles\CMakeTmp\src.c(4,23): error C2061: синтаксическая ошибка: идентификатор "s1" [C:\DesktopGithub\CyberBiology3\build\CMakeFiles\CMakeTmp\cmTC_de64c.vcxproj]
C:\DesktopGithub\CyberBiology3\build\CMakeFiles\CMakeTmp\src.c(4,23): error C2059: синтаксическая ошибка: ; [C:\DesktopGithub\CyberBiology3\build\CMakeFiles\CMakeTmp\cmTC_de64c.vcxproj]


Source file was:

      #include <windows.h>
      #include <xinput.h>
      XINPUT_STATE_EX s1;
      int main(int argc, char **argv) { return 0; }
