e:\рабочий стол\github\cyberbiology3\build\sdl\include\sdl.h
e:\рабочий стол\github\cyberbiology3\build\sdl\include\sdl_assert.h
e:\рабочий стол\github\cyberbiology3\build\sdl\include\sdl_atomic.h
e:\рабочий стол\github\cyberbiology3\build\sdl\include\sdl_audio.h
e:\рабочий стол\github\cyberbiology3\build\sdl\include\sdl_bits.h
e:\рабочий стол\github\cyberbiology3\build\sdl\include\sdl_blendmode.h
e:\рабочий стол\github\cyberbiology3\build\sdl\include\sdl_clipboard.h
e:\рабочий стол\github\cyberbiology3\build\sdl\include\sdl_copying.h
e:\рабочий стол\github\cyberbiology3\build\sdl\include\sdl_cpuinfo.h
e:\рабочий стол\github\cyberbiology3\build\sdl\include\sdl_egl.h
e:\рабочий стол\github\cyberbiology3\build\sdl\include\sdl_endian.h
e:\рабочий стол\github\cyberbiology3\build\sdl\include\sdl_error.h
e:\рабочий стол\github\cyberbiology3\build\sdl\include\sdl_events.h
e:\рабочий стол\github\cyberbiology3\build\sdl\include\sdl_filesystem.h
e:\рабочий стол\github\cyberbiology3\build\sdl\include\sdl_gamecontroller.h
e:\рабочий стол\github\cyberbiology3\build\sdl\include\sdl_gesture.h
e:\рабочий стол\github\cyberbiology3\build\sdl\include\sdl_guid.h
e:\рабочий стол\github\cyberbiology3\build\sdl\include\sdl_haptic.h
e:\рабочий стол\github\cyberbiology3\build\sdl\include\sdl_hidapi.h
e:\рабочий стол\github\cyberbiology3\build\sdl\include\sdl_hints.h
e:\рабочий стол\github\cyberbiology3\build\sdl\include\sdl_joystick.h
e:\рабочий стол\github\cyberbiology3\build\sdl\include\sdl_keyboard.h
e:\рабочий стол\github\cyberbiology3\build\sdl\include\sdl_keycode.h
e:\рабочий стол\github\cyberbiology3\build\sdl\include\sdl_loadso.h
e:\рабочий стол\github\cyberbiology3\build\sdl\include\sdl_locale.h
e:\рабочий стол\github\cyberbiology3\build\sdl\include\sdl_log.h
e:\рабочий стол\github\cyberbiology3\build\sdl\include\sdl_main.h
e:\рабочий стол\github\cyberbiology3\build\sdl\include\sdl_messagebox.h
e:\рабочий стол\github\cyberbiology3\build\sdl\include\sdl_metal.h
e:\рабочий стол\github\cyberbiology3\build\sdl\include\sdl_misc.h
e:\рабочий стол\github\cyberbiology3\build\sdl\include\sdl_mouse.h
e:\рабочий стол\github\cyberbiology3\build\sdl\include\sdl_mutex.h
e:\рабочий стол\github\cyberbiology3\build\sdl\include\sdl_name.h
e:\рабочий стол\github\cyberbiology3\build\sdl\include\sdl_opengl.h
e:\рабочий стол\github\cyberbiology3\build\sdl\include\sdl_opengl_glext.h
e:\рабочий стол\github\cyberbiology3\build\sdl\include\sdl_opengles.h
e:\рабочий стол\github\cyberbiology3\build\sdl\include\sdl_opengles2.h
e:\рабочий стол\github\cyberbiology3\build\sdl\include\sdl_opengles2_gl2.h
e:\рабочий стол\github\cyberbiology3\build\sdl\include\sdl_opengles2_gl2ext.h
e:\рабочий стол\github\cyberbiology3\build\sdl\include\sdl_opengles2_gl2platform.h
e:\рабочий стол\github\cyberbiology3\build\sdl\include\sdl_opengles2_khrplatform.h
e:\рабочий стол\github\cyberbiology3\build\sdl\include\sdl_pixels.h
e:\рабочий стол\github\cyberbiology3\build\sdl\include\sdl_platform.h
e:\рабочий стол\github\cyberbiology3\build\sdl\include\sdl_power.h
e:\рабочий стол\github\cyberbiology3\build\sdl\include\sdl_quit.h
e:\рабочий стол\github\cyberbiology3\build\sdl\include\sdl_rect.h
e:\рабочий стол\github\cyberbiology3\build\sdl\include\sdl_render.h
e:\рабочий стол\github\cyberbiology3\build\sdl\include\sdl_rwops.h
e:\рабочий стол\github\cyberbiology3\build\sdl\include\sdl_scancode.h
e:\рабочий стол\github\cyberbiology3\build\sdl\include\sdl_sensor.h
e:\рабочий стол\github\cyberbiology3\build\sdl\include\sdl_shape.h
e:\рабочий стол\github\cyberbiology3\build\sdl\include\sdl_stdinc.h
e:\рабочий стол\github\cyberbiology3\build\sdl\include\sdl_surface.h
e:\рабочий стол\github\cyberbiology3\build\sdl\include\sdl_system.h
e:\рабочий стол\github\cyberbiology3\build\sdl\include\sdl_syswm.h
e:\рабочий стол\github\cyberbiology3\build\sdl\include\sdl_test.h
e:\рабочий стол\github\cyberbiology3\build\sdl\include\sdl_test_assert.h
e:\рабочий стол\github\cyberbiology3\build\sdl\include\sdl_test_common.h
e:\рабочий стол\github\cyberbiology3\build\sdl\include\sdl_test_compare.h
e:\рабочий стол\github\cyberbiology3\build\sdl\include\sdl_test_crc32.h
e:\рабочий стол\github\cyberbiology3\build\sdl\include\sdl_test_font.h
e:\рабочий стол\github\cyberbiology3\build\sdl\include\sdl_test_fuzzer.h
e:\рабочий стол\github\cyberbiology3\build\sdl\include\sdl_test_harness.h
e:\рабочий стол\github\cyberbiology3\build\sdl\include\sdl_test_images.h
e:\рабочий стол\github\cyberbiology3\build\sdl\include\sdl_test_log.h
e:\рабочий стол\github\cyberbiology3\build\sdl\include\sdl_test_md5.h
e:\рабочий стол\github\cyberbiology3\build\sdl\include\sdl_test_memory.h
e:\рабочий стол\github\cyberbiology3\build\sdl\include\sdl_test_random.h
e:\рабочий стол\github\cyberbiology3\build\sdl\include\sdl_thread.h
e:\рабочий стол\github\cyberbiology3\build\sdl\include\sdl_timer.h
e:\рабочий стол\github\cyberbiology3\build\sdl\include\sdl_touch.h
e:\рабочий стол\github\cyberbiology3\build\sdl\include\sdl_types.h
e:\рабочий стол\github\cyberbiology3\build\sdl\include\sdl_version.h
e:\рабочий стол\github\cyberbiology3\build\sdl\include\sdl_video.h
e:\рабочий стол\github\cyberbiology3\build\sdl\include\sdl_vulkan.h
e:\рабочий стол\github\cyberbiology3\build\sdl\include\begin_code.h
e:\рабочий стол\github\cyberbiology3\build\sdl\include\close_code.h
e:\рабочий стол\github\cyberbiology3\build\sdl\cmakefiles\sdl_headers_copy
e:\рабочий стол\github\cyberbiology3\build\sdl\cmakefiles\generate.stamp
e:\рабочий стол\github\cyberbiology3\build\sdl\x64\debug\sdl_headers_copy\sdl_headers_copy.tlog\custombuild.command.1.tlog
e:\рабочий стол\github\cyberbiology3\build\sdl\x64\debug\sdl_headers_copy\sdl_headers_copy.tlog\custombuild.read.1.tlog
e:\рабочий стол\github\cyberbiology3\build\sdl\x64\debug\sdl_headers_copy\sdl_headers_copy.tlog\custombuild.write.1.tlog
